\BOOKMARK [0][-]{chapter.1}{Introduction}{}% 1
\BOOKMARK [1][-]{section.1.1}{Background and motivation}{chapter.1}% 2
\BOOKMARK [1][-]{section.1.2}{Related works}{chapter.1}% 3
\BOOKMARK [0][-]{chapter.2}{Aims and Objectives}{}% 4
\BOOKMARK [0][-]{chapter.3}{Design}{}% 5
\BOOKMARK [1][-]{section.3.1}{Basic assumptions}{chapter.3}% 6
\BOOKMARK [1][-]{section.3.2}{Overall design}{chapter.3}% 7
\BOOKMARK [1][-]{section.3.3}{Basic components}{chapter.3}% 8
\BOOKMARK [2][-]{subsection.3.3.1}{Data collector design}{section.3.3}% 9
\BOOKMARK [2][-]{subsection.3.3.2}{Data preprocessor design}{section.3.3}% 10
\BOOKMARK [2][-]{subsection.3.3.3}{Classification Model design}{section.3.3}% 11
\BOOKMARK [2][-]{subsection.3.3.4}{Clustering model design}{section.3.3}% 12
\BOOKMARK [2][-]{subsection.3.3.5}{Evaluation layer design}{section.3.3}% 13
\BOOKMARK [2][-]{subsection.3.3.6}{Visualization design}{section.3.3}% 14
\BOOKMARK [0][-]{chapter.4}{Data collection and processing}{}% 15
\BOOKMARK [1][-]{section.4.1}{Social media dataset}{chapter.4}% 16
\BOOKMARK [1][-]{section.4.2}{Benchmark}{chapter.4}% 17
\BOOKMARK [1][-]{section.4.3}{Data collection}{chapter.4}% 18
\BOOKMARK [2][-]{subsection.4.3.1}{Twitter dataset collection}{section.4.3}% 19
\BOOKMARK [2][-]{subsection.4.3.2}{Benchmark dataset collection}{section.4.3}% 20
\BOOKMARK [1][-]{section.4.4}{Data Preprocessing}{chapter.4}% 21
\BOOKMARK [2][-]{subsection.4.4.1}{Unify data structure}{section.4.4}% 22
\BOOKMARK [2][-]{subsection.4.4.2}{Text regularization}{section.4.4}% 23
\BOOKMARK [2][-]{subsection.4.4.3}{Manually screening}{section.4.4}% 24
\BOOKMARK [0][-]{chapter.5}{Signal extraction}{}% 25
\BOOKMARK [1][-]{section.5.1}{Keywords search}{chapter.5}% 26
\BOOKMARK [1][-]{section.5.2}{Supervised classification}{chapter.5}% 27
\BOOKMARK [1][-]{section.5.3}{Unsupervised document clustering and topic generation}{chapter.5}% 28
\BOOKMARK [2][-]{subsection.5.3.1}{Embeddings based clustering}{section.5.3}% 29
\BOOKMARK [2][-]{subsection.5.3.2}{Probability based Topic Modeling}{section.5.3}% 30
\BOOKMARK [2][-]{subsection.5.3.3}{Our model}{section.5.3}% 31
\BOOKMARK [1][-]{section.5.4}{Integration and visualization}{chapter.5}% 32
\BOOKMARK [0][-]{chapter.6}{Reflection and summary}{}% 33
\BOOKMARK [1][-]{section.6.1}{Project management}{chapter.6}% 34
\BOOKMARK [1][-]{section.6.2}{Conclusion and Future work}{chapter.6}% 35
\BOOKMARK [2][-]{subsection.6.2.1}{Future work}{section.6.2}% 36
\BOOKMARK [0][-]{subsection.6.2.1}{Bibliography}{}% 37
\BOOKMARK [0][-]{chapter*.5}{Appendix}{}% 38
